<?xml version="1.0" encoding="UTF-8"?>
<!-- Generated by org.testng.reporters.JUnitXMLReporter -->
<testsuite ignored="0" hostname="DESKTOP-0SRMFK8" failures="0" tests="4" name="Test" time="74.671" errors="0" timestamp="2022-01-02T21:25:15 ACDT">
  <testcase classname="PlaintTest.TestCase1" name="planitAssessment1" time="20.411"/>
  <testcase classname="PlaintTest.TestCase4" name="planitAssessment4" time="16.505"/>
  <testcase classname="PlaintTest.TestCase2" name="planitAssessment2" time="20.902"/>
  <testcase classname="PlaintTest.TestCase3" name="planitAssessment3" time="16.76"/>
</testsuite> <!-- Test -->
