<?xml version="1.0" encoding="UTF-8"?>
<!-- Generated by org.testng.reporters.JUnitXMLReporter -->
<testsuite ignored="0" hostname="DESKTOP-0SRMFK8" failures="0" tests="4" name="Test" time="57.171" errors="0" timestamp="2022-01-03T23:05:13 ACDT">
  <testcase classname="PlaintTest.TestCase1" name="planitAssessment1" time="19.094"/>
  <testcase classname="PlaintTest.TestCase4" name="planitAssessment4" time="5.343"/>
  <testcase classname="PlaintTest.TestCase2" name="planitAssessment2" time="16.769"/>
  <testcase classname="PlaintTest.TestCase3" name="planitAssessment3" time="15.863"/>
</testsuite> <!-- Test -->
