<?xml version="1.0" encoding="UTF-8"?>
<testsuite name="TestSuite" time="145.763" tests="4" errors="0" skipped="0" failures="1">
  <properties>
[...]
</properties>
  <testcase name="planitAssessment4" classname="PlaintTest.TestCase4" time="35.186"/>
  <testcase name="planitAssessment2" classname="PlaintTest.TestCase2" time="35.937">
    <failure message="expected [Thanks Farhad1234@#$#@] but found [Thanks Farhad]" type="java.lang.AssertionError">java.lang.AssertionError: expected [Thanks Farhad1234@#$#@] but found [Thanks Farhad]
	at org.testng.Assert.fail(Assert.java:99)
	at org.testng.Assert.failNotEquals(Assert.java:1037)
	at org.testng.Assert.assertEqualsImpl(Assert.java:140)
	at org.testng.Assert.assertEquals(Assert.java:122)
	at org.testng.Assert.assertEquals(Assert.java:629)
	at org.testng.Assert.assertEquals(Assert.java:639)
	at PlaintTest.TestCase2.planitAssessment2(TestCase2.java:51)
</failure>
  </testcase>
  <testcase name="planitAssessment3" classname="PlaintTest.TestCase3" time="36.967"/>
  <testcase name="planitAssessment1" classname="PlaintTest.TestCase1" time="37.673"/>
</testsuite>